2022-12-29 19:02:06.327029+00:00 [notice] <0.229.0> Logging: configured log handlers are now ACTIVE
2022-12-29 19:02:06.571880+00:00 [info] <0.229.0> ra: starting system quorum_queues
2022-12-29 19:02:06.571977+00:00 [info] <0.229.0> starting Ra system: quorum_queues in directory: /var/lib/rabbitmq/mnesia/rabbit@2f40d3bfc267/quorum/rabbit@2f40d3bfc267
2022-12-29 19:02:06.649892+00:00 [info] <0.266.0> ra system 'quorum_queues' running pre init for 0 registered servers
2022-12-29 19:02:06.666819+00:00 [info] <0.267.0> ra: meta data store initialised for system quorum_queues. 0 record(s) recovered
2022-12-29 19:02:06.682021+00:00 [notice] <0.272.0> WAL: ra_log_wal init, open tbls: ra_log_open_mem_tables, closed tbls: ra_log_closed_mem_tables
2022-12-29 19:02:06.695268+00:00 [info] <0.229.0> ra: starting system coordination
2022-12-29 19:02:06.695331+00:00 [info] <0.229.0> starting Ra system: coordination in directory: /var/lib/rabbitmq/mnesia/rabbit@2f40d3bfc267/coordination/rabbit@2f40d3bfc267
2022-12-29 19:02:06.704738+00:00 [info] <0.279.0> ra system 'coordination' running pre init for 0 registered servers
2022-12-29 19:02:06.708244+00:00 [info] <0.280.0> ra: meta data store initialised for system coordination. 0 record(s) recovered
2022-12-29 19:02:06.708524+00:00 [notice] <0.285.0> WAL: ra_coordination_log_wal init, open tbls: ra_coordination_log_open_mem_tables, closed tbls: ra_coordination_log_closed_mem_tables
2022-12-29 19:02:06.716618+00:00 [info] <0.229.0> 
2022-12-29 19:02:06.716618+00:00 [info] <0.229.0>  Starting RabbitMQ 3.11.5 on Erlang 25.2 [jit]
2022-12-29 19:02:06.716618+00:00 [info] <0.229.0>  Copyright (c) 2007-2022 VMware, Inc. or its affiliates.
2022-12-29 19:02:06.716618+00:00 [info] <0.229.0>  Licensed under the MPL 2.0. Website: https://rabbitmq.com
2022-12-29 19:02:06.718009+00:00 [info] <0.229.0> 
2022-12-29 19:02:06.718009+00:00 [info] <0.229.0>  node           : rabbit@2f40d3bfc267
2022-12-29 19:02:06.718009+00:00 [info] <0.229.0>  home dir       : /var/lib/rabbitmq
2022-12-29 19:02:06.718009+00:00 [info] <0.229.0>  config file(s) : (none)
2022-12-29 19:02:06.718009+00:00 [info] <0.229.0>  cookie hash    : 7ORPQ7fsr3M99LshAJ14WA==
2022-12-29 19:02:06.718009+00:00 [info] <0.229.0>  log(s)         : /var/log/rabbitmq/rabbit@2f40d3bfc267.log
2022-12-29 19:02:06.718009+00:00 [info] <0.229.0>                 : /var/log/rabbitmq/rabbit@2f40d3bfc267_upgrade.log
2022-12-29 19:02:06.718009+00:00 [info] <0.229.0>                 : <stdout>
2022-12-29 19:02:06.718009+00:00 [info] <0.229.0>  database dir   : /var/lib/rabbitmq/mnesia/rabbit@2f40d3bfc267
2022-12-29 19:02:08.747252+00:00 [info] <0.229.0> Running boot step pre_boot defined by app rabbit
2022-12-29 19:02:08.747333+00:00 [info] <0.229.0> Running boot step rabbit_global_counters defined by app rabbit
2022-12-29 19:02:08.747579+00:00 [info] <0.229.0> Running boot step rabbit_osiris_metrics defined by app rabbit
2022-12-29 19:02:08.747656+00:00 [info] <0.229.0> Running boot step rabbit_core_metrics defined by app rabbit
2022-12-29 19:02:08.748848+00:00 [info] <0.229.0> Running boot step rabbit_alarm defined by app rabbit
2022-12-29 19:02:08.752412+00:00 [info] <0.297.0> Memory high watermark set to 6320 MiB (6627205120 bytes) of 15800 MiB (16568012800 bytes) total
2022-12-29 19:02:08.756040+00:00 [info] <0.299.0> Enabling free disk space monitoring (disk free space: 85280038912, total memory: 16568012800)
2022-12-29 19:02:08.756116+00:00 [info] <0.299.0> Disk free limit set to 50MB
2022-12-29 19:02:08.758368+00:00 [info] <0.229.0> Running boot step code_server_cache defined by app rabbit
2022-12-29 19:02:08.758473+00:00 [info] <0.229.0> Running boot step file_handle_cache defined by app rabbit
2022-12-29 19:02:08.758648+00:00 [info] <0.302.0> Limiting to approx 1048479 file handles (943629 sockets)
2022-12-29 19:02:08.758736+00:00 [info] <0.303.0> FHC read buffering: OFF
2022-12-29 19:02:08.758761+00:00 [info] <0.303.0> FHC write buffering: ON
2022-12-29 19:02:08.759132+00:00 [info] <0.229.0> Running boot step worker_pool defined by app rabbit
2022-12-29 19:02:08.759255+00:00 [info] <0.287.0> Will use 8 processes for default worker pool
2022-12-29 19:02:08.759281+00:00 [info] <0.287.0> Starting worker pool 'worker_pool' with 8 processes in it
2022-12-29 19:02:08.759725+00:00 [info] <0.229.0> Running boot step database defined by app rabbit
2022-12-29 19:02:08.760911+00:00 [info] <0.229.0> Node database directory at /var/lib/rabbitmq/mnesia/rabbit@2f40d3bfc267 is empty. Assuming we need to join an existing cluster or initialise from scratch...
2022-12-29 19:02:08.761006+00:00 [info] <0.229.0> Configured peer discovery backend: rabbit_peer_discovery_classic_config
2022-12-29 19:02:08.761027+00:00 [info] <0.229.0> Will try to lock with peer discovery backend rabbit_peer_discovery_classic_config
2022-12-29 19:02:08.761111+00:00 [info] <0.229.0> All discovered existing cluster peers:
2022-12-29 19:02:08.761130+00:00 [info] <0.229.0> Discovered no peer nodes to cluster with. Some discovery backends can filter nodes out based on a readiness criteria. Enabling debug logging might help troubleshoot.
2022-12-29 19:02:08.764233+00:00 [notice] <0.44.0> Application mnesia exited with reason: stopped
2022-12-29 19:02:09.146553+00:00 [info] <0.229.0> Waiting for Mnesia tables for 30000 ms, 9 retries left
2022-12-29 19:02:09.146733+00:00 [info] <0.229.0> Successfully synced tables from a peer
2022-12-29 19:02:09.156906+00:00 [info] <0.229.0> Feature flags: `feature_flags_v2`: supported, attempt to enable...
2022-12-29 19:02:09.178455+00:00 [notice] <0.288.0> Feature flags: attempt to enable `classic_mirrored_queue_version`...
2022-12-29 19:02:09.202897+00:00 [notice] <0.288.0> Feature flags: `classic_mirrored_queue_version` enabled
2022-12-29 19:02:09.203344+00:00 [notice] <0.288.0> Feature flags: attempt to enable `classic_queue_type_delivery_support`...
2022-12-29 19:02:09.211697+00:00 [notice] <0.288.0> Feature flags: attempt to enable `stream_queue`...
2022-12-29 19:02:09.235012+00:00 [notice] <0.288.0> Feature flags: `stream_queue` enabled
2022-12-29 19:02:09.250331+00:00 [notice] <0.288.0> Feature flags: `classic_queue_type_delivery_support` enabled
2022-12-29 19:02:09.250952+00:00 [notice] <0.288.0> Feature flags: attempt to enable `direct_exchange_routing_v2`...
2022-12-29 19:02:09.259545+00:00 [info] <0.500.0> Waiting for Mnesia tables for 30000 ms, 9 retries left
2022-12-29 19:02:09.259715+00:00 [info] <0.500.0> Successfully synced tables from a peer
2022-12-29 19:02:09.285788+00:00 [notice] <0.288.0> Feature flags: `direct_exchange_routing_v2` enabled
2022-12-29 19:02:09.286445+00:00 [notice] <0.288.0> Feature flags: attempt to enable `listener_records_in_ets`...
2022-12-29 19:02:09.358893+00:00 [notice] <0.288.0> Feature flags: `listener_records_in_ets` enabled
2022-12-29 19:02:09.360002+00:00 [notice] <0.288.0> Feature flags: attempt to enable `stream_single_active_consumer`...
2022-12-29 19:02:09.382374+00:00 [notice] <0.288.0> Feature flags: `stream_single_active_consumer` enabled
2022-12-29 19:02:09.382717+00:00 [notice] <0.288.0> Feature flags: attempt to enable `tracking_records_in_ets`...
2022-12-29 19:02:09.408130+00:00 [notice] <0.288.0> Feature flags: `tracking_records_in_ets` enabled
2022-12-29 19:02:09.409023+00:00 [info] <0.229.0> Waiting for Mnesia tables for 30000 ms, 9 retries left
2022-12-29 19:02:09.409133+00:00 [info] <0.229.0> Successfully synced tables from a peer
2022-12-29 19:02:09.432051+00:00 [info] <0.229.0> Waiting for Mnesia tables for 30000 ms, 9 retries left
2022-12-29 19:02:09.432220+00:00 [info] <0.229.0> Successfully synced tables from a peer
2022-12-29 19:02:09.432264+00:00 [info] <0.229.0> Peer discovery backend rabbit_peer_discovery_classic_config does not support registration, skipping registration.
2022-12-29 19:02:09.432281+00:00 [info] <0.229.0> Will try to unlock with peer discovery backend rabbit_peer_discovery_classic_config
2022-12-29 19:02:09.432384+00:00 [info] <0.229.0> Running boot step tracking_metadata_store defined by app rabbit
2022-12-29 19:02:09.432496+00:00 [info] <0.600.0> Setting up a table for connection tracking on this node: tracked_connection
2022-12-29 19:02:09.432549+00:00 [info] <0.600.0> Setting up a table for per-vhost connection counting on this node: tracked_connection_per_vhost
2022-12-29 19:02:09.432589+00:00 [info] <0.600.0> Setting up a table for per-user connection counting on this node: tracked_connection_per_user
2022-12-29 19:02:09.432656+00:00 [info] <0.600.0> Setting up a table for channel tracking on this node: tracked_channel
2022-12-29 19:02:09.432696+00:00 [info] <0.600.0> Setting up a table for channel tracking on this node: tracked_channel_per_user
2022-12-29 19:02:09.432766+00:00 [info] <0.229.0> Running boot step networking_metadata_store defined by app rabbit
2022-12-29 19:02:09.432870+00:00 [info] <0.229.0> Running boot step database_sync defined by app rabbit
2022-12-29 19:02:09.432993+00:00 [info] <0.229.0> Running boot step feature_flags defined by app rabbit
2022-12-29 19:02:09.435095+00:00 [info] <0.229.0> Running boot step codec_correctness_check defined by app rabbit
2022-12-29 19:02:09.435166+00:00 [info] <0.229.0> Running boot step external_infrastructure defined by app rabbit
2022-12-29 19:02:09.435191+00:00 [info] <0.229.0> Running boot step rabbit_event defined by app rabbit
2022-12-29 19:02:09.435362+00:00 [info] <0.229.0> Running boot step rabbit_registry defined by app rabbit
2022-12-29 19:02:09.435483+00:00 [info] <0.229.0> Running boot step rabbit_auth_mechanism_amqplain defined by app rabbit
2022-12-29 19:02:09.435572+00:00 [info] <0.229.0> Running boot step rabbit_auth_mechanism_cr_demo defined by app rabbit
2022-12-29 19:02:09.435676+00:00 [info] <0.229.0> Running boot step rabbit_auth_mechanism_plain defined by app rabbit
2022-12-29 19:02:09.435749+00:00 [info] <0.229.0> Running boot step rabbit_exchange_type_direct defined by app rabbit
2022-12-29 19:02:09.435842+00:00 [info] <0.229.0> Running boot step rabbit_exchange_type_fanout defined by app rabbit
2022-12-29 19:02:09.435935+00:00 [info] <0.229.0> Running boot step rabbit_exchange_type_headers defined by app rabbit
2022-12-29 19:02:09.436029+00:00 [info] <0.229.0> Running boot step rabbit_exchange_type_topic defined by app rabbit
2022-12-29 19:02:09.436121+00:00 [info] <0.229.0> Running boot step rabbit_mirror_queue_mode_all defined by app rabbit
2022-12-29 19:02:09.436192+00:00 [info] <0.229.0> Running boot step rabbit_mirror_queue_mode_exactly defined by app rabbit
2022-12-29 19:02:09.436286+00:00 [info] <0.229.0> Running boot step rabbit_mirror_queue_mode_nodes defined by app rabbit
2022-12-29 19:02:09.436339+00:00 [info] <0.229.0> Running boot step rabbit_priority_queue defined by app rabbit
2022-12-29 19:02:09.436410+00:00 [info] <0.229.0> Priority queues enabled, real BQ is rabbit_variable_queue
2022-12-29 19:02:09.436487+00:00 [info] <0.229.0> Running boot step rabbit_queue_location_client_local defined by app rabbit
2022-12-29 19:02:09.436535+00:00 [info] <0.229.0> Running boot step rabbit_queue_location_min_masters defined by app rabbit
2022-12-29 19:02:09.436569+00:00 [info] <0.229.0> Running boot step rabbit_queue_location_random defined by app rabbit
2022-12-29 19:02:09.436608+00:00 [info] <0.229.0> Running boot step kernel_ready defined by app rabbit
2022-12-29 19:02:09.436624+00:00 [info] <0.229.0> Running boot step rabbit_sysmon_minder defined by app rabbit
2022-12-29 19:02:09.436794+00:00 [info] <0.229.0> Running boot step rabbit_epmd_monitor defined by app rabbit
2022-12-29 19:02:09.437646+00:00 [info] <0.609.0> epmd monitor knows us, inter-node communication (distribution) port: 25672
2022-12-29 19:02:09.437761+00:00 [info] <0.229.0> Running boot step guid_generator defined by app rabbit
2022-12-29 19:02:09.442656+00:00 [info] <0.229.0> Running boot step rabbit_node_monitor defined by app rabbit
2022-12-29 19:02:09.442932+00:00 [info] <0.613.0> Starting rabbit_node_monitor
2022-12-29 19:02:09.443070+00:00 [info] <0.229.0> Running boot step delegate_sup defined by app rabbit
2022-12-29 19:02:09.443592+00:00 [info] <0.229.0> Running boot step rabbit_memory_monitor defined by app rabbit
2022-12-29 19:02:09.443838+00:00 [info] <0.229.0> Running boot step rabbit_fifo_dlx_sup defined by app rabbit
2022-12-29 19:02:09.444022+00:00 [info] <0.229.0> Running boot step core_initialized defined by app rabbit
2022-12-29 19:02:09.444053+00:00 [info] <0.229.0> Running boot step upgrade_queues defined by app rabbit
2022-12-29 19:02:09.455217+00:00 [info] <0.229.0> message_store upgrades: 1 to apply
2022-12-29 19:02:09.455331+00:00 [info] <0.229.0> message_store upgrades: Applying rabbit_variable_queue:move_messages_to_vhost_store
2022-12-29 19:02:09.455447+00:00 [info] <0.229.0> message_store upgrades: No durable queues found. Skipping message store migration
2022-12-29 19:02:09.455481+00:00 [info] <0.229.0> message_store upgrades: Removing the old message store data
2022-12-29 19:02:09.457314+00:00 [info] <0.229.0> message_store upgrades: All upgrades applied successfully
2022-12-29 19:02:09.473032+00:00 [info] <0.229.0> Running boot step channel_tracking defined by app rabbit
2022-12-29 19:02:09.473141+00:00 [info] <0.229.0> Running boot step rabbit_channel_tracking_handler defined by app rabbit
2022-12-29 19:02:09.473209+00:00 [info] <0.229.0> Running boot step connection_tracking defined by app rabbit
2022-12-29 19:02:09.473242+00:00 [info] <0.229.0> Running boot step rabbit_connection_tracking_handler defined by app rabbit
2022-12-29 19:02:09.473298+00:00 [info] <0.229.0> Running boot step rabbit_definitions_hashing defined by app rabbit
2022-12-29 19:02:09.473439+00:00 [info] <0.229.0> Running boot step rabbit_exchange_parameters defined by app rabbit
2022-12-29 19:02:09.473543+00:00 [info] <0.229.0> Running boot step rabbit_mirror_queue_misc defined by app rabbit
2022-12-29 19:02:09.473795+00:00 [info] <0.229.0> Running boot step rabbit_policies defined by app rabbit
2022-12-29 19:02:09.474048+00:00 [info] <0.229.0> Running boot step rabbit_policy defined by app rabbit
2022-12-29 19:02:09.474095+00:00 [info] <0.229.0> Running boot step rabbit_queue_location_validator defined by app rabbit
2022-12-29 19:02:09.474120+00:00 [info] <0.229.0> Running boot step rabbit_quorum_memory_manager defined by app rabbit
2022-12-29 19:02:09.474189+00:00 [info] <0.229.0> Running boot step rabbit_stream_coordinator defined by app rabbit
2022-12-29 19:02:09.474493+00:00 [info] <0.229.0> Running boot step rabbit_vhost_limit defined by app rabbit
2022-12-29 19:02:09.474563+00:00 [info] <0.229.0> Running boot step recovery defined by app rabbit
2022-12-29 19:02:09.475824+00:00 [info] <0.229.0> Running boot step empty_db_check defined by app rabbit
2022-12-29 19:02:09.475901+00:00 [info] <0.229.0> Will seed default virtual host and user...
2022-12-29 19:02:09.475969+00:00 [info] <0.229.0> Adding vhost '/' (description: 'Default virtual host', tags: [])
2022-12-29 19:02:09.477524+00:00 [info] <0.229.0> Applying default limits to vhost '<<"/">>': []
2022-12-29 19:02:09.486097+00:00 [info] <0.650.0> Making sure data directory '/var/lib/rabbitmq/mnesia/rabbit@2f40d3bfc267/msg_stores/vhosts/628WB79CIFDYO9LJI6DKMI09L' for vhost '/' exists
2022-12-29 19:02:09.496146+00:00 [info] <0.650.0> Setting segment_entry_count for vhost '/' with 0 queues to '2048'
2022-12-29 19:02:09.508392+00:00 [info] <0.650.0> Starting message stores for vhost '/'
2022-12-29 19:02:09.508663+00:00 [info] <0.655.0> Message store "628WB79CIFDYO9LJI6DKMI09L/msg_store_transient": using rabbit_msg_store_ets_index to provide index
2022-12-29 19:02:09.525780+00:00 [info] <0.650.0> Started message store of type transient for vhost '/'
2022-12-29 19:02:09.526051+00:00 [info] <0.659.0> Message store "628WB79CIFDYO9LJI6DKMI09L/msg_store_persistent": using rabbit_msg_store_ets_index to provide index
2022-12-29 19:02:09.532171+00:00 [warning] <0.659.0> Message store "628WB79CIFDYO9LJI6DKMI09L/msg_store_persistent": rebuilding indices from scratch
2022-12-29 19:02:09.537174+00:00 [info] <0.650.0> Started message store of type persistent for vhost '/'
2022-12-29 19:02:09.537345+00:00 [info] <0.650.0> Recovering 0 queues of type rabbit_classic_queue took 36ms
2022-12-29 19:02:09.537390+00:00 [info] <0.650.0> Recovering 0 queues of type rabbit_quorum_queue took 0ms
2022-12-29 19:02:09.537420+00:00 [info] <0.650.0> Recovering 0 queues of type rabbit_stream_queue took 0ms
2022-12-29 19:02:09.539701+00:00 [info] <0.229.0> Created user 'admin'
2022-12-29 19:02:09.540775+00:00 [info] <0.229.0> Successfully set user tags for user 'admin' to [administrator]
2022-12-29 19:02:09.541993+00:00 [info] <0.229.0> Successfully set permissions for 'admin' in virtual host '/' to '.*', '.*', '.*'
2022-12-29 19:02:09.542067+00:00 [info] <0.229.0> Running boot step rabbit_observer_cli defined by app rabbit
2022-12-29 19:02:09.542113+00:00 [info] <0.229.0> Running boot step rabbit_looking_glass defined by app rabbit
2022-12-29 19:02:09.542150+00:00 [info] <0.229.0> Running boot step rabbit_core_metrics_gc defined by app rabbit
2022-12-29 19:02:09.542274+00:00 [info] <0.229.0> Running boot step background_gc defined by app rabbit
2022-12-29 19:02:09.542472+00:00 [info] <0.229.0> Running boot step routing_ready defined by app rabbit
2022-12-29 19:02:09.542517+00:00 [info] <0.229.0> Running boot step pre_flight defined by app rabbit
2022-12-29 19:02:09.542547+00:00 [info] <0.229.0> Running boot step notify_cluster defined by app rabbit
2022-12-29 19:02:09.542576+00:00 [info] <0.229.0> Running boot step networking defined by app rabbit
2022-12-29 19:02:09.542595+00:00 [info] <0.229.0> Running boot step definition_import_worker_pool defined by app rabbit
2022-12-29 19:02:09.542623+00:00 [info] <0.287.0> Starting worker pool 'definition_import_pool' with 8 processes in it
2022-12-29 19:02:09.543148+00:00 [info] <0.229.0> Running boot step cluster_name defined by app rabbit
2022-12-29 19:02:09.543256+00:00 [info] <0.229.0> Initialising internal cluster ID to 'rabbitmq-cluster-id--2f6V7usubFZPSmTT3uDXA'
2022-12-29 19:02:09.544397+00:00 [info] <0.229.0> Running boot step direct_client defined by app rabbit
2022-12-29 19:02:09.544575+00:00 [info] <0.229.0> Running boot step rabbit_maintenance_mode_state defined by app rabbit
2022-12-29 19:02:09.544610+00:00 [info] <0.229.0> Creating table rabbit_node_maintenance_states for maintenance mode status
2022-12-29 19:02:09.556002+00:00 [info] <0.700.0> Resetting node maintenance status
2022-12-29 19:02:09.556192+00:00 [info] <0.700.0> Ready to start client connection listeners
2022-12-29 19:02:09.557933+00:00 [info] <0.718.0> started TCP listener on [::]:5672
2022-12-29 19:02:09.625654+00:00 [info] <0.700.0> Server startup complete; 0 plugins started.
2022-12-29 19:02:10.144208+00:00 [info] <0.721.0> accepting AMQP connection <0.721.0> (172.18.0.1:47098 -> 172.18.0.2:5672)
2022-12-29 19:02:10.146479+00:00 [info] <0.721.0> connection <0.721.0> (172.18.0.1:47098 -> 172.18.0.2:5672) has a client-provided name: rabbitConnectionFactory#6462ef6e:1533
2022-12-29 19:02:10.146697+00:00 [error] <0.721.0> Error on AMQP connection <0.721.0> (172.18.0.1:47098 -> 172.18.0.2:5672, state: starting):
2022-12-29 19:02:10.146697+00:00 [error] <0.721.0> PLAIN login refused: user 'guest' - invalid credentials
2022-12-29 19:02:10.147770+00:00 [info] <0.721.0> closing AMQP connection <0.721.0> (172.18.0.1:47098 -> 172.18.0.2:5672 - rabbitConnectionFactory#6462ef6e:1533)
2022-12-29 19:02:10.149774+00:00 [info] <0.727.0> accepting AMQP connection <0.727.0> (172.18.0.1:47102 -> 172.18.0.2:5672)
2022-12-29 19:02:10.151406+00:00 [info] <0.727.0> connection <0.727.0> (172.18.0.1:47102 -> 172.18.0.2:5672) has a client-provided name: rabbitConnectionFactory#6462ef6e:1533
2022-12-29 19:02:10.151597+00:00 [error] <0.727.0> Error on AMQP connection <0.727.0> (172.18.0.1:47102 -> 172.18.0.2:5672, state: starting):
2022-12-29 19:02:10.151597+00:00 [error] <0.727.0> PLAIN login refused: user 'guest' - invalid credentials
2022-12-29 19:02:10.152351+00:00 [info] <0.727.0> closing AMQP connection <0.727.0> (172.18.0.1:47102 -> 172.18.0.2:5672 - rabbitConnectionFactory#6462ef6e:1533)
2022-12-29 19:02:10.153937+00:00 [info] <0.732.0> accepting AMQP connection <0.732.0> (172.18.0.1:47104 -> 172.18.0.2:5672)
2022-12-29 19:02:10.155705+00:00 [info] <0.732.0> connection <0.732.0> (172.18.0.1:47104 -> 172.18.0.2:5672) has a client-provided name: rabbitConnectionFactory#6462ef6e:1534
2022-12-29 19:02:10.155890+00:00 [error] <0.732.0> Error on AMQP connection <0.732.0> (172.18.0.1:47104 -> 172.18.0.2:5672, state: starting):
2022-12-29 19:02:10.155890+00:00 [error] <0.732.0> PLAIN login refused: user 'guest' - invalid credentials
2022-12-29 19:02:10.156797+00:00 [info] <0.732.0> closing AMQP connection <0.732.0> (172.18.0.1:47104 -> 172.18.0.2:5672 - rabbitConnectionFactory#6462ef6e:1534)
2022-12-29 19:02:10.158624+00:00 [info] <0.737.0> accepting AMQP connection <0.737.0> (172.18.0.1:47108 -> 172.18.0.2:5672)
2022-12-29 19:02:10.160108+00:00 [info] <0.737.0> connection <0.737.0> (172.18.0.1:47108 -> 172.18.0.2:5672) has a client-provided name: rabbitConnectionFactory#6462ef6e:1534
2022-12-29 19:02:10.160274+00:00 [error] <0.737.0> Error on AMQP connection <0.737.0> (172.18.0.1:47108 -> 172.18.0.2:5672, state: starting):
2022-12-29 19:02:10.160274+00:00 [error] <0.737.0> PLAIN login refused: user 'guest' - invalid credentials
2022-12-29 19:02:10.160939+00:00 [info] <0.737.0> closing AMQP connection <0.737.0> (172.18.0.1:47108 -> 172.18.0.2:5672 - rabbitConnectionFactory#6462ef6e:1534)
2022-12-29 19:02:35.397871+00:00 [notice] <0.61.0> SIGTERM received - shutting down
2022-12-29 19:02:35.397871+00:00 [notice] <0.61.0> 
2022-12-29 19:02:35.399487+00:00 [info] <0.229.0> Peer discovery backend rabbit_peer_discovery_classic_config does not support registration, skipping unregistration.
2022-12-29 19:02:35.399669+00:00 [info] <0.718.0> stopped TCP listener on [::]:5672
2022-12-29 19:02:35.400900+00:00 [info] <0.659.0> Stopping message store for directory '/var/lib/rabbitmq/mnesia/rabbit@2f40d3bfc267/msg_stores/vhosts/628WB79CIFDYO9LJI6DKMI09L/msg_store_persistent'
2022-12-29 19:02:35.400849+00:00 [info] <0.740.0> Closing all connections in vhost '/' on node 'rabbit@2f40d3bfc267' because the vhost is stopping
2022-12-29 19:02:35.420071+00:00 [info] <0.659.0> Message store for directory '/var/lib/rabbitmq/mnesia/rabbit@2f40d3bfc267/msg_stores/vhosts/628WB79CIFDYO9LJI6DKMI09L/msg_store_persistent' is stopped
2022-12-29 19:02:35.420273+00:00 [info] <0.655.0> Stopping message store for directory '/var/lib/rabbitmq/mnesia/rabbit@2f40d3bfc267/msg_stores/vhosts/628WB79CIFDYO9LJI6DKMI09L/msg_store_transient'
2022-12-29 19:02:35.447155+00:00 [info] <0.655.0> Message store for directory '/var/lib/rabbitmq/mnesia/rabbit@2f40d3bfc267/msg_stores/vhosts/628WB79CIFDYO9LJI6DKMI09L/msg_store_transient' is stopped
