2022-12-29 19:05:25.519853+00:00 [notice] <0.229.0> Logging: configured log handlers are now ACTIVE
2022-12-29 19:05:25.702100+00:00 [info] <0.229.0> ra: starting system quorum_queues
2022-12-29 19:05:25.702206+00:00 [info] <0.229.0> starting Ra system: quorum_queues in directory: /var/lib/rabbitmq/mnesia/rabbit@77f537b44e31/quorum/rabbit@77f537b44e31
2022-12-29 19:05:25.761768+00:00 [info] <0.266.0> ra system 'quorum_queues' running pre init for 0 registered servers
2022-12-29 19:05:25.772112+00:00 [info] <0.267.0> ra: meta data store initialised for system quorum_queues. 0 record(s) recovered
2022-12-29 19:05:25.782416+00:00 [notice] <0.272.0> WAL: ra_log_wal init, open tbls: ra_log_open_mem_tables, closed tbls: ra_log_closed_mem_tables
2022-12-29 19:05:25.792891+00:00 [info] <0.229.0> ra: starting system coordination
2022-12-29 19:05:25.792964+00:00 [info] <0.229.0> starting Ra system: coordination in directory: /var/lib/rabbitmq/mnesia/rabbit@77f537b44e31/coordination/rabbit@77f537b44e31
2022-12-29 19:05:25.799490+00:00 [info] <0.279.0> ra system 'coordination' running pre init for 0 registered servers
2022-12-29 19:05:25.803166+00:00 [info] <0.280.0> ra: meta data store initialised for system coordination. 0 record(s) recovered
2022-12-29 19:05:25.803399+00:00 [notice] <0.285.0> WAL: ra_coordination_log_wal init, open tbls: ra_coordination_log_open_mem_tables, closed tbls: ra_coordination_log_closed_mem_tables
2022-12-29 19:05:25.810327+00:00 [info] <0.229.0> 
2022-12-29 19:05:25.810327+00:00 [info] <0.229.0>  Starting RabbitMQ 3.11.5 on Erlang 25.2 [jit]
2022-12-29 19:05:25.810327+00:00 [info] <0.229.0>  Copyright (c) 2007-2022 VMware, Inc. or its affiliates.
2022-12-29 19:05:25.810327+00:00 [info] <0.229.0>  Licensed under the MPL 2.0. Website: https://rabbitmq.com
2022-12-29 19:05:25.811405+00:00 [info] <0.229.0> 
2022-12-29 19:05:25.811405+00:00 [info] <0.229.0>  node           : rabbit@77f537b44e31
2022-12-29 19:05:25.811405+00:00 [info] <0.229.0>  home dir       : /var/lib/rabbitmq
2022-12-29 19:05:25.811405+00:00 [info] <0.229.0>  config file(s) : (none)
2022-12-29 19:05:25.811405+00:00 [info] <0.229.0>  cookie hash    : 7ORPQ7fsr3M99LshAJ14WA==
2022-12-29 19:05:25.811405+00:00 [info] <0.229.0>  log(s)         : /var/log/rabbitmq/rabbit@77f537b44e31.log
2022-12-29 19:05:25.811405+00:00 [info] <0.229.0>                 : /var/log/rabbitmq/rabbit@77f537b44e31_upgrade.log
2022-12-29 19:05:25.811405+00:00 [info] <0.229.0>                 : <stdout>
2022-12-29 19:05:25.811405+00:00 [info] <0.229.0>  database dir   : /var/lib/rabbitmq/mnesia/rabbit@77f537b44e31
2022-12-29 19:05:27.592794+00:00 [info] <0.229.0> Running boot step pre_boot defined by app rabbit
2022-12-29 19:05:27.592876+00:00 [info] <0.229.0> Running boot step rabbit_global_counters defined by app rabbit
2022-12-29 19:05:27.593129+00:00 [info] <0.229.0> Running boot step rabbit_osiris_metrics defined by app rabbit
2022-12-29 19:05:27.593194+00:00 [info] <0.229.0> Running boot step rabbit_core_metrics defined by app rabbit
2022-12-29 19:05:27.593732+00:00 [info] <0.229.0> Running boot step rabbit_alarm defined by app rabbit
2022-12-29 19:05:27.596557+00:00 [info] <0.297.0> Memory high watermark set to 6320 MiB (6627205120 bytes) of 15800 MiB (16568012800 bytes) total
2022-12-29 19:05:27.599788+00:00 [info] <0.299.0> Enabling free disk space monitoring (disk free space: 85277134848, total memory: 16568012800)
2022-12-29 19:05:27.599844+00:00 [info] <0.299.0> Disk free limit set to 50MB
2022-12-29 19:05:27.602039+00:00 [info] <0.229.0> Running boot step code_server_cache defined by app rabbit
2022-12-29 19:05:27.602131+00:00 [info] <0.229.0> Running boot step file_handle_cache defined by app rabbit
2022-12-29 19:05:27.602257+00:00 [info] <0.302.0> Limiting to approx 1048479 file handles (943629 sockets)
2022-12-29 19:05:27.602357+00:00 [info] <0.303.0> FHC read buffering: OFF
2022-12-29 19:05:27.602383+00:00 [info] <0.303.0> FHC write buffering: ON
2022-12-29 19:05:27.602696+00:00 [info] <0.229.0> Running boot step worker_pool defined by app rabbit
2022-12-29 19:05:27.602766+00:00 [info] <0.287.0> Will use 8 processes for default worker pool
2022-12-29 19:05:27.602798+00:00 [info] <0.287.0> Starting worker pool 'worker_pool' with 8 processes in it
2022-12-29 19:05:27.603227+00:00 [info] <0.229.0> Running boot step database defined by app rabbit
2022-12-29 19:05:27.604358+00:00 [info] <0.229.0> Node database directory at /var/lib/rabbitmq/mnesia/rabbit@77f537b44e31 is empty. Assuming we need to join an existing cluster or initialise from scratch...
2022-12-29 19:05:27.604405+00:00 [info] <0.229.0> Configured peer discovery backend: rabbit_peer_discovery_classic_config
2022-12-29 19:05:27.604422+00:00 [info] <0.229.0> Will try to lock with peer discovery backend rabbit_peer_discovery_classic_config
2022-12-29 19:05:27.604490+00:00 [info] <0.229.0> All discovered existing cluster peers:
2022-12-29 19:05:27.604507+00:00 [info] <0.229.0> Discovered no peer nodes to cluster with. Some discovery backends can filter nodes out based on a readiness criteria. Enabling debug logging might help troubleshoot.
2022-12-29 19:05:27.607126+00:00 [notice] <0.44.0> Application mnesia exited with reason: stopped
2022-12-29 19:05:27.924601+00:00 [info] <0.229.0> Waiting for Mnesia tables for 30000 ms, 9 retries left
2022-12-29 19:05:27.924771+00:00 [info] <0.229.0> Successfully synced tables from a peer
2022-12-29 19:05:27.934521+00:00 [info] <0.229.0> Feature flags: `feature_flags_v2`: supported, attempt to enable...
2022-12-29 19:05:27.955200+00:00 [notice] <0.288.0> Feature flags: attempt to enable `classic_mirrored_queue_version`...
2022-12-29 19:05:27.978282+00:00 [notice] <0.288.0> Feature flags: `classic_mirrored_queue_version` enabled
2022-12-29 19:05:27.978698+00:00 [notice] <0.288.0> Feature flags: attempt to enable `classic_queue_type_delivery_support`...
2022-12-29 19:05:27.987734+00:00 [notice] <0.288.0> Feature flags: attempt to enable `stream_queue`...
2022-12-29 19:05:28.011723+00:00 [notice] <0.288.0> Feature flags: `stream_queue` enabled
2022-12-29 19:05:28.025545+00:00 [notice] <0.288.0> Feature flags: `classic_queue_type_delivery_support` enabled
2022-12-29 19:05:28.025986+00:00 [notice] <0.288.0> Feature flags: attempt to enable `direct_exchange_routing_v2`...
2022-12-29 19:05:28.034673+00:00 [info] <0.500.0> Waiting for Mnesia tables for 30000 ms, 9 retries left
2022-12-29 19:05:28.034845+00:00 [info] <0.500.0> Successfully synced tables from a peer
2022-12-29 19:05:28.059641+00:00 [notice] <0.288.0> Feature flags: `direct_exchange_routing_v2` enabled
2022-12-29 19:05:28.060114+00:00 [notice] <0.288.0> Feature flags: attempt to enable `listener_records_in_ets`...
2022-12-29 19:05:28.131232+00:00 [notice] <0.288.0> Feature flags: `listener_records_in_ets` enabled
2022-12-29 19:05:28.132193+00:00 [notice] <0.288.0> Feature flags: attempt to enable `stream_single_active_consumer`...
2022-12-29 19:05:28.154433+00:00 [notice] <0.288.0> Feature flags: `stream_single_active_consumer` enabled
2022-12-29 19:05:28.154985+00:00 [notice] <0.288.0> Feature flags: attempt to enable `tracking_records_in_ets`...
2022-12-29 19:05:28.179047+00:00 [notice] <0.288.0> Feature flags: `tracking_records_in_ets` enabled
2022-12-29 19:05:28.179715+00:00 [info] <0.229.0> Waiting for Mnesia tables for 30000 ms, 9 retries left
2022-12-29 19:05:28.179840+00:00 [info] <0.229.0> Successfully synced tables from a peer
2022-12-29 19:05:28.200403+00:00 [info] <0.229.0> Waiting for Mnesia tables for 30000 ms, 9 retries left
2022-12-29 19:05:28.200670+00:00 [info] <0.229.0> Successfully synced tables from a peer
2022-12-29 19:05:28.200744+00:00 [info] <0.229.0> Peer discovery backend rabbit_peer_discovery_classic_config does not support registration, skipping registration.
2022-12-29 19:05:28.200789+00:00 [info] <0.229.0> Will try to unlock with peer discovery backend rabbit_peer_discovery_classic_config
2022-12-29 19:05:28.200933+00:00 [info] <0.229.0> Running boot step tracking_metadata_store defined by app rabbit
2022-12-29 19:05:28.201052+00:00 [info] <0.600.0> Setting up a table for connection tracking on this node: tracked_connection
2022-12-29 19:05:28.201122+00:00 [info] <0.600.0> Setting up a table for per-vhost connection counting on this node: tracked_connection_per_vhost
2022-12-29 19:05:28.201217+00:00 [info] <0.600.0> Setting up a table for per-user connection counting on this node: tracked_connection_per_user
2022-12-29 19:05:28.201274+00:00 [info] <0.600.0> Setting up a table for channel tracking on this node: tracked_channel
2022-12-29 19:05:28.201321+00:00 [info] <0.600.0> Setting up a table for channel tracking on this node: tracked_channel_per_user
2022-12-29 19:05:28.201402+00:00 [info] <0.229.0> Running boot step networking_metadata_store defined by app rabbit
2022-12-29 19:05:28.201521+00:00 [info] <0.229.0> Running boot step database_sync defined by app rabbit
2022-12-29 19:05:28.201603+00:00 [info] <0.229.0> Running boot step feature_flags defined by app rabbit
2022-12-29 19:05:28.203310+00:00 [info] <0.229.0> Running boot step codec_correctness_check defined by app rabbit
2022-12-29 19:05:28.203387+00:00 [info] <0.229.0> Running boot step external_infrastructure defined by app rabbit
2022-12-29 19:05:28.203427+00:00 [info] <0.229.0> Running boot step rabbit_event defined by app rabbit
2022-12-29 19:05:28.203585+00:00 [info] <0.229.0> Running boot step rabbit_registry defined by app rabbit
2022-12-29 19:05:28.203756+00:00 [info] <0.229.0> Running boot step rabbit_auth_mechanism_amqplain defined by app rabbit
2022-12-29 19:05:28.203879+00:00 [info] <0.229.0> Running boot step rabbit_auth_mechanism_cr_demo defined by app rabbit
2022-12-29 19:05:28.203945+00:00 [info] <0.229.0> Running boot step rabbit_auth_mechanism_plain defined by app rabbit
2022-12-29 19:05:28.204016+00:00 [info] <0.229.0> Running boot step rabbit_exchange_type_direct defined by app rabbit
2022-12-29 19:05:28.204107+00:00 [info] <0.229.0> Running boot step rabbit_exchange_type_fanout defined by app rabbit
2022-12-29 19:05:28.204223+00:00 [info] <0.229.0> Running boot step rabbit_exchange_type_headers defined by app rabbit
2022-12-29 19:05:28.204297+00:00 [info] <0.229.0> Running boot step rabbit_exchange_type_topic defined by app rabbit
2022-12-29 19:05:28.204434+00:00 [info] <0.229.0> Running boot step rabbit_mirror_queue_mode_all defined by app rabbit
2022-12-29 19:05:28.204550+00:00 [info] <0.229.0> Running boot step rabbit_mirror_queue_mode_exactly defined by app rabbit
2022-12-29 19:05:28.204610+00:00 [info] <0.229.0> Running boot step rabbit_mirror_queue_mode_nodes defined by app rabbit
2022-12-29 19:05:28.204705+00:00 [info] <0.229.0> Running boot step rabbit_priority_queue defined by app rabbit
2022-12-29 19:05:28.204761+00:00 [info] <0.229.0> Priority queues enabled, real BQ is rabbit_variable_queue
2022-12-29 19:05:28.204869+00:00 [info] <0.229.0> Running boot step rabbit_queue_location_client_local defined by app rabbit
2022-12-29 19:05:28.204981+00:00 [info] <0.229.0> Running boot step rabbit_queue_location_min_masters defined by app rabbit
2022-12-29 19:05:28.205044+00:00 [info] <0.229.0> Running boot step rabbit_queue_location_random defined by app rabbit
2022-12-29 19:05:28.205114+00:00 [info] <0.229.0> Running boot step kernel_ready defined by app rabbit
2022-12-29 19:05:28.205163+00:00 [info] <0.229.0> Running boot step rabbit_sysmon_minder defined by app rabbit
2022-12-29 19:05:28.205306+00:00 [info] <0.229.0> Running boot step rabbit_epmd_monitor defined by app rabbit
2022-12-29 19:05:28.206263+00:00 [info] <0.609.0> epmd monitor knows us, inter-node communication (distribution) port: 25672
2022-12-29 19:05:28.206469+00:00 [info] <0.229.0> Running boot step guid_generator defined by app rabbit
2022-12-29 19:05:28.223016+00:00 [info] <0.229.0> Running boot step rabbit_node_monitor defined by app rabbit
2022-12-29 19:05:28.223360+00:00 [info] <0.613.0> Starting rabbit_node_monitor
2022-12-29 19:05:28.223550+00:00 [info] <0.229.0> Running boot step delegate_sup defined by app rabbit
2022-12-29 19:05:28.224150+00:00 [info] <0.229.0> Running boot step rabbit_memory_monitor defined by app rabbit
2022-12-29 19:05:28.224413+00:00 [info] <0.229.0> Running boot step rabbit_fifo_dlx_sup defined by app rabbit
2022-12-29 19:05:28.224491+00:00 [info] <0.229.0> Running boot step core_initialized defined by app rabbit
2022-12-29 19:05:28.224530+00:00 [info] <0.229.0> Running boot step upgrade_queues defined by app rabbit
2022-12-29 19:05:28.234803+00:00 [info] <0.229.0> message_store upgrades: 1 to apply
2022-12-29 19:05:28.234969+00:00 [info] <0.229.0> message_store upgrades: Applying rabbit_variable_queue:move_messages_to_vhost_store
2022-12-29 19:05:28.235098+00:00 [info] <0.229.0> message_store upgrades: No durable queues found. Skipping message store migration
2022-12-29 19:05:28.235139+00:00 [info] <0.229.0> message_store upgrades: Removing the old message store data
2022-12-29 19:05:28.237229+00:00 [info] <0.229.0> message_store upgrades: All upgrades applied successfully
2022-12-29 19:05:28.253502+00:00 [info] <0.229.0> Running boot step channel_tracking defined by app rabbit
2022-12-29 19:05:28.253600+00:00 [info] <0.229.0> Running boot step rabbit_channel_tracking_handler defined by app rabbit
2022-12-29 19:05:28.253679+00:00 [info] <0.229.0> Running boot step connection_tracking defined by app rabbit
2022-12-29 19:05:28.253713+00:00 [info] <0.229.0> Running boot step rabbit_connection_tracking_handler defined by app rabbit
2022-12-29 19:05:28.253763+00:00 [info] <0.229.0> Running boot step rabbit_definitions_hashing defined by app rabbit
2022-12-29 19:05:28.253865+00:00 [info] <0.229.0> Running boot step rabbit_exchange_parameters defined by app rabbit
2022-12-29 19:05:28.253997+00:00 [info] <0.229.0> Running boot step rabbit_mirror_queue_misc defined by app rabbit
2022-12-29 19:05:28.254159+00:00 [info] <0.229.0> Running boot step rabbit_policies defined by app rabbit
2022-12-29 19:05:28.254562+00:00 [info] <0.229.0> Running boot step rabbit_policy defined by app rabbit
2022-12-29 19:05:28.254652+00:00 [info] <0.229.0> Running boot step rabbit_queue_location_validator defined by app rabbit
2022-12-29 19:05:28.254742+00:00 [info] <0.229.0> Running boot step rabbit_quorum_memory_manager defined by app rabbit
2022-12-29 19:05:28.254799+00:00 [info] <0.229.0> Running boot step rabbit_stream_coordinator defined by app rabbit
2022-12-29 19:05:28.255133+00:00 [info] <0.229.0> Running boot step rabbit_vhost_limit defined by app rabbit
2022-12-29 19:05:28.255216+00:00 [info] <0.229.0> Running boot step recovery defined by app rabbit
2022-12-29 19:05:28.256590+00:00 [info] <0.229.0> Running boot step empty_db_check defined by app rabbit
2022-12-29 19:05:28.256672+00:00 [info] <0.229.0> Will seed default virtual host and user...
2022-12-29 19:05:28.256729+00:00 [info] <0.229.0> Adding vhost '/' (description: 'Default virtual host', tags: [])
2022-12-29 19:05:28.258318+00:00 [info] <0.229.0> Applying default limits to vhost '<<"/">>': []
2022-12-29 19:05:28.265819+00:00 [info] <0.650.0> Making sure data directory '/var/lib/rabbitmq/mnesia/rabbit@77f537b44e31/msg_stores/vhosts/628WB79CIFDYO9LJI6DKMI09L' for vhost '/' exists
2022-12-29 19:05:28.275639+00:00 [info] <0.650.0> Setting segment_entry_count for vhost '/' with 0 queues to '2048'
2022-12-29 19:05:28.287990+00:00 [info] <0.650.0> Starting message stores for vhost '/'
2022-12-29 19:05:28.288486+00:00 [info] <0.655.0> Message store "628WB79CIFDYO9LJI6DKMI09L/msg_store_transient": using rabbit_msg_store_ets_index to provide index
2022-12-29 19:05:28.305527+00:00 [info] <0.650.0> Started message store of type transient for vhost '/'
2022-12-29 19:05:28.305912+00:00 [info] <0.659.0> Message store "628WB79CIFDYO9LJI6DKMI09L/msg_store_persistent": using rabbit_msg_store_ets_index to provide index
2022-12-29 19:05:28.310495+00:00 [warning] <0.659.0> Message store "628WB79CIFDYO9LJI6DKMI09L/msg_store_persistent": rebuilding indices from scratch
2022-12-29 19:05:28.315528+00:00 [info] <0.650.0> Started message store of type persistent for vhost '/'
2022-12-29 19:05:28.315748+00:00 [info] <0.650.0> Recovering 0 queues of type rabbit_classic_queue took 35ms
2022-12-29 19:05:28.315779+00:00 [info] <0.650.0> Recovering 0 queues of type rabbit_quorum_queue took 0ms
2022-12-29 19:05:28.315798+00:00 [info] <0.650.0> Recovering 0 queues of type rabbit_stream_queue took 0ms
2022-12-29 19:05:28.318444+00:00 [info] <0.229.0> Created user 'admin'
2022-12-29 19:05:28.319483+00:00 [info] <0.229.0> Successfully set user tags for user 'admin' to [administrator]
2022-12-29 19:05:28.320474+00:00 [info] <0.229.0> Successfully set permissions for 'admin' in virtual host '/' to '.*', '.*', '.*'
2022-12-29 19:05:28.320540+00:00 [info] <0.229.0> Running boot step rabbit_observer_cli defined by app rabbit
2022-12-29 19:05:28.320594+00:00 [info] <0.229.0> Running boot step rabbit_looking_glass defined by app rabbit
2022-12-29 19:05:28.320632+00:00 [info] <0.229.0> Running boot step rabbit_core_metrics_gc defined by app rabbit
2022-12-29 19:05:28.320735+00:00 [info] <0.229.0> Running boot step background_gc defined by app rabbit
2022-12-29 19:05:28.320857+00:00 [info] <0.229.0> Running boot step routing_ready defined by app rabbit
2022-12-29 19:05:28.320920+00:00 [info] <0.229.0> Running boot step pre_flight defined by app rabbit
2022-12-29 19:05:28.320980+00:00 [info] <0.229.0> Running boot step notify_cluster defined by app rabbit
2022-12-29 19:05:28.321002+00:00 [info] <0.229.0> Running boot step networking defined by app rabbit
2022-12-29 19:05:28.321017+00:00 [info] <0.229.0> Running boot step definition_import_worker_pool defined by app rabbit
2022-12-29 19:05:28.321071+00:00 [info] <0.287.0> Starting worker pool 'definition_import_pool' with 8 processes in it
2022-12-29 19:05:28.321560+00:00 [info] <0.229.0> Running boot step cluster_name defined by app rabbit
2022-12-29 19:05:28.321659+00:00 [info] <0.229.0> Initialising internal cluster ID to 'rabbitmq-cluster-id-iXL50knUYu7hHU7drRiYlg'
2022-12-29 19:05:28.323062+00:00 [info] <0.229.0> Running boot step direct_client defined by app rabbit
2022-12-29 19:05:28.323167+00:00 [info] <0.229.0> Running boot step rabbit_maintenance_mode_state defined by app rabbit
2022-12-29 19:05:28.323211+00:00 [info] <0.229.0> Creating table rabbit_node_maintenance_states for maintenance mode status
2022-12-29 19:05:28.334914+00:00 [info] <0.700.0> Resetting node maintenance status
2022-12-29 19:05:28.335155+00:00 [info] <0.700.0> Ready to start client connection listeners
2022-12-29 19:05:28.336836+00:00 [info] <0.718.0> started TCP listener on [::]:5672
2022-12-29 19:05:28.406738+00:00 [info] <0.700.0> Server startup complete; 0 plugins started.
2022-12-29 19:06:42.226474+00:00 [notice] <0.61.0> SIGTERM received - shutting down
2022-12-29 19:06:42.226474+00:00 [notice] <0.61.0> 
2022-12-29 19:06:42.228655+00:00 [info] <0.229.0> Peer discovery backend rabbit_peer_discovery_classic_config does not support registration, skipping unregistration.
2022-12-29 19:06:42.228873+00:00 [info] <0.718.0> stopped TCP listener on [::]:5672
2022-12-29 19:06:42.230110+00:00 [info] <0.719.0> Closing all connections in vhost '/' on node 'rabbit@77f537b44e31' because the vhost is stopping
2022-12-29 19:06:42.230232+00:00 [info] <0.659.0> Stopping message store for directory '/var/lib/rabbitmq/mnesia/rabbit@77f537b44e31/msg_stores/vhosts/628WB79CIFDYO9LJI6DKMI09L/msg_store_persistent'
2022-12-29 19:06:42.257829+00:00 [info] <0.659.0> Message store for directory '/var/lib/rabbitmq/mnesia/rabbit@77f537b44e31/msg_stores/vhosts/628WB79CIFDYO9LJI6DKMI09L/msg_store_persistent' is stopped
2022-12-29 19:06:42.258034+00:00 [info] <0.655.0> Stopping message store for directory '/var/lib/rabbitmq/mnesia/rabbit@77f537b44e31/msg_stores/vhosts/628WB79CIFDYO9LJI6DKMI09L/msg_store_transient'
2022-12-29 19:06:42.295986+00:00 [info] <0.655.0> Message store for directory '/var/lib/rabbitmq/mnesia/rabbit@77f537b44e31/msg_stores/vhosts/628WB79CIFDYO9LJI6DKMI09L/msg_store_transient' is stopped
