2022-12-29 19:02:44.426727+00:00 [notice] <0.229.0> Logging: configured log handlers are now ACTIVE
2022-12-29 19:02:44.621213+00:00 [info] <0.229.0> ra: starting system quorum_queues
2022-12-29 19:02:44.621325+00:00 [info] <0.229.0> starting Ra system: quorum_queues in directory: /var/lib/rabbitmq/mnesia/rabbit@4efa8d1a6d15/quorum/rabbit@4efa8d1a6d15
2022-12-29 19:02:44.683757+00:00 [info] <0.266.0> ra system 'quorum_queues' running pre init for 0 registered servers
2022-12-29 19:02:44.693865+00:00 [info] <0.267.0> ra: meta data store initialised for system quorum_queues. 0 record(s) recovered
2022-12-29 19:02:44.704228+00:00 [notice] <0.272.0> WAL: ra_log_wal init, open tbls: ra_log_open_mem_tables, closed tbls: ra_log_closed_mem_tables
2022-12-29 19:02:44.715157+00:00 [info] <0.229.0> ra: starting system coordination
2022-12-29 19:02:44.715233+00:00 [info] <0.229.0> starting Ra system: coordination in directory: /var/lib/rabbitmq/mnesia/rabbit@4efa8d1a6d15/coordination/rabbit@4efa8d1a6d15
2022-12-29 19:02:44.723295+00:00 [info] <0.279.0> ra system 'coordination' running pre init for 0 registered servers
2022-12-29 19:02:44.726594+00:00 [info] <0.280.0> ra: meta data store initialised for system coordination. 0 record(s) recovered
2022-12-29 19:02:44.726843+00:00 [notice] <0.285.0> WAL: ra_coordination_log_wal init, open tbls: ra_coordination_log_open_mem_tables, closed tbls: ra_coordination_log_closed_mem_tables
2022-12-29 19:02:44.735389+00:00 [info] <0.229.0> 
2022-12-29 19:02:44.735389+00:00 [info] <0.229.0>  Starting RabbitMQ 3.11.5 on Erlang 25.2 [jit]
2022-12-29 19:02:44.735389+00:00 [info] <0.229.0>  Copyright (c) 2007-2022 VMware, Inc. or its affiliates.
2022-12-29 19:02:44.735389+00:00 [info] <0.229.0>  Licensed under the MPL 2.0. Website: https://rabbitmq.com
2022-12-29 19:02:44.737032+00:00 [info] <0.229.0> 
2022-12-29 19:02:44.737032+00:00 [info] <0.229.0>  node           : rabbit@4efa8d1a6d15
2022-12-29 19:02:44.737032+00:00 [info] <0.229.0>  home dir       : /var/lib/rabbitmq
2022-12-29 19:02:44.737032+00:00 [info] <0.229.0>  config file(s) : (none)
2022-12-29 19:02:44.737032+00:00 [info] <0.229.0>  cookie hash    : 7ORPQ7fsr3M99LshAJ14WA==
2022-12-29 19:02:44.737032+00:00 [info] <0.229.0>  log(s)         : /var/log/rabbitmq/rabbit@4efa8d1a6d15.log
2022-12-29 19:02:44.737032+00:00 [info] <0.229.0>                 : /var/log/rabbitmq/rabbit@4efa8d1a6d15_upgrade.log
2022-12-29 19:02:44.737032+00:00 [info] <0.229.0>                 : <stdout>
2022-12-29 19:02:44.737032+00:00 [info] <0.229.0>  database dir   : /var/lib/rabbitmq/mnesia/rabbit@4efa8d1a6d15
2022-12-29 19:02:46.986902+00:00 [info] <0.229.0> Running boot step pre_boot defined by app rabbit
2022-12-29 19:02:46.987009+00:00 [info] <0.229.0> Running boot step rabbit_global_counters defined by app rabbit
2022-12-29 19:02:46.987260+00:00 [info] <0.229.0> Running boot step rabbit_osiris_metrics defined by app rabbit
2022-12-29 19:02:46.987329+00:00 [info] <0.229.0> Running boot step rabbit_core_metrics defined by app rabbit
2022-12-29 19:02:46.988546+00:00 [info] <0.229.0> Running boot step rabbit_alarm defined by app rabbit
2022-12-29 19:02:46.991762+00:00 [info] <0.297.0> Memory high watermark set to 6320 MiB (6627205120 bytes) of 15800 MiB (16568012800 bytes) total
2022-12-29 19:02:46.995603+00:00 [info] <0.299.0> Enabling free disk space monitoring (disk free space: 85278384128, total memory: 16568012800)
2022-12-29 19:02:46.995667+00:00 [info] <0.299.0> Disk free limit set to 50MB
2022-12-29 19:02:46.998337+00:00 [info] <0.229.0> Running boot step code_server_cache defined by app rabbit
2022-12-29 19:02:46.998445+00:00 [info] <0.229.0> Running boot step file_handle_cache defined by app rabbit
2022-12-29 19:02:46.998629+00:00 [info] <0.302.0> Limiting to approx 1048479 file handles (943629 sockets)
2022-12-29 19:02:46.998725+00:00 [info] <0.303.0> FHC read buffering: OFF
2022-12-29 19:02:46.998758+00:00 [info] <0.303.0> FHC write buffering: ON
2022-12-29 19:02:46.999305+00:00 [info] <0.229.0> Running boot step worker_pool defined by app rabbit
2022-12-29 19:02:46.999409+00:00 [info] <0.287.0> Will use 8 processes for default worker pool
2022-12-29 19:02:46.999436+00:00 [info] <0.287.0> Starting worker pool 'worker_pool' with 8 processes in it
2022-12-29 19:02:47.000044+00:00 [info] <0.229.0> Running boot step database defined by app rabbit
2022-12-29 19:02:47.001326+00:00 [info] <0.229.0> Node database directory at /var/lib/rabbitmq/mnesia/rabbit@4efa8d1a6d15 is empty. Assuming we need to join an existing cluster or initialise from scratch...
2022-12-29 19:02:47.001387+00:00 [info] <0.229.0> Configured peer discovery backend: rabbit_peer_discovery_classic_config
2022-12-29 19:02:47.001411+00:00 [info] <0.229.0> Will try to lock with peer discovery backend rabbit_peer_discovery_classic_config
2022-12-29 19:02:47.001494+00:00 [info] <0.229.0> All discovered existing cluster peers:
2022-12-29 19:02:47.001523+00:00 [info] <0.229.0> Discovered no peer nodes to cluster with. Some discovery backends can filter nodes out based on a readiness criteria. Enabling debug logging might help troubleshoot.
2022-12-29 19:02:47.004609+00:00 [notice] <0.44.0> Application mnesia exited with reason: stopped
2022-12-29 19:02:47.420841+00:00 [info] <0.229.0> Waiting for Mnesia tables for 30000 ms, 9 retries left
2022-12-29 19:02:47.421066+00:00 [info] <0.229.0> Successfully synced tables from a peer
2022-12-29 19:02:47.436101+00:00 [info] <0.229.0> Feature flags: `feature_flags_v2`: supported, attempt to enable...
2022-12-29 19:02:47.462406+00:00 [notice] <0.288.0> Feature flags: attempt to enable `classic_mirrored_queue_version`...
2022-12-29 19:02:47.489495+00:00 [notice] <0.288.0> Feature flags: `classic_mirrored_queue_version` enabled
2022-12-29 19:02:47.490135+00:00 [notice] <0.288.0> Feature flags: attempt to enable `classic_queue_type_delivery_support`...
2022-12-29 19:02:47.500738+00:00 [notice] <0.288.0> Feature flags: attempt to enable `stream_queue`...
2022-12-29 19:02:47.529071+00:00 [notice] <0.288.0> Feature flags: `stream_queue` enabled
2022-12-29 19:02:47.546790+00:00 [notice] <0.288.0> Feature flags: `classic_queue_type_delivery_support` enabled
2022-12-29 19:02:47.547249+00:00 [notice] <0.288.0> Feature flags: attempt to enable `direct_exchange_routing_v2`...
2022-12-29 19:02:47.559404+00:00 [info] <0.500.0> Waiting for Mnesia tables for 30000 ms, 9 retries left
2022-12-29 19:02:47.559544+00:00 [info] <0.500.0> Successfully synced tables from a peer
2022-12-29 19:02:47.590570+00:00 [notice] <0.288.0> Feature flags: `direct_exchange_routing_v2` enabled
2022-12-29 19:02:47.591426+00:00 [notice] <0.288.0> Feature flags: attempt to enable `listener_records_in_ets`...
2022-12-29 19:02:47.682023+00:00 [notice] <0.288.0> Feature flags: `listener_records_in_ets` enabled
2022-12-29 19:02:47.683100+00:00 [notice] <0.288.0> Feature flags: attempt to enable `stream_single_active_consumer`...
2022-12-29 19:02:47.712203+00:00 [notice] <0.288.0> Feature flags: `stream_single_active_consumer` enabled
2022-12-29 19:02:47.712978+00:00 [notice] <0.288.0> Feature flags: attempt to enable `tracking_records_in_ets`...
2022-12-29 19:02:47.742437+00:00 [notice] <0.288.0> Feature flags: `tracking_records_in_ets` enabled
2022-12-29 19:02:47.743418+00:00 [info] <0.229.0> Waiting for Mnesia tables for 30000 ms, 9 retries left
2022-12-29 19:02:47.743506+00:00 [info] <0.229.0> Successfully synced tables from a peer
2022-12-29 19:02:47.769004+00:00 [info] <0.229.0> Waiting for Mnesia tables for 30000 ms, 9 retries left
2022-12-29 19:02:47.769195+00:00 [info] <0.229.0> Successfully synced tables from a peer
2022-12-29 19:02:47.769266+00:00 [info] <0.229.0> Peer discovery backend rabbit_peer_discovery_classic_config does not support registration, skipping registration.
2022-12-29 19:02:47.769307+00:00 [info] <0.229.0> Will try to unlock with peer discovery backend rabbit_peer_discovery_classic_config
2022-12-29 19:02:47.769422+00:00 [info] <0.229.0> Running boot step tracking_metadata_store defined by app rabbit
2022-12-29 19:02:47.769518+00:00 [info] <0.600.0> Setting up a table for connection tracking on this node: tracked_connection
2022-12-29 19:02:47.769595+00:00 [info] <0.600.0> Setting up a table for per-vhost connection counting on this node: tracked_connection_per_vhost
2022-12-29 19:02:47.769639+00:00 [info] <0.600.0> Setting up a table for per-user connection counting on this node: tracked_connection_per_user
2022-12-29 19:02:47.769663+00:00 [info] <0.600.0> Setting up a table for channel tracking on this node: tracked_channel
2022-12-29 19:02:47.769718+00:00 [info] <0.600.0> Setting up a table for channel tracking on this node: tracked_channel_per_user
2022-12-29 19:02:47.769852+00:00 [info] <0.229.0> Running boot step networking_metadata_store defined by app rabbit
2022-12-29 19:02:47.769915+00:00 [info] <0.229.0> Running boot step database_sync defined by app rabbit
2022-12-29 19:02:47.770057+00:00 [info] <0.229.0> Running boot step feature_flags defined by app rabbit
2022-12-29 19:02:47.771485+00:00 [info] <0.229.0> Running boot step codec_correctness_check defined by app rabbit
2022-12-29 19:02:47.771536+00:00 [info] <0.229.0> Running boot step external_infrastructure defined by app rabbit
2022-12-29 19:02:47.771598+00:00 [info] <0.229.0> Running boot step rabbit_event defined by app rabbit
2022-12-29 19:02:47.771718+00:00 [info] <0.229.0> Running boot step rabbit_registry defined by app rabbit
2022-12-29 19:02:47.771812+00:00 [info] <0.229.0> Running boot step rabbit_auth_mechanism_amqplain defined by app rabbit
2022-12-29 19:02:47.771921+00:00 [info] <0.229.0> Running boot step rabbit_auth_mechanism_cr_demo defined by app rabbit
2022-12-29 19:02:47.772008+00:00 [info] <0.229.0> Running boot step rabbit_auth_mechanism_plain defined by app rabbit
2022-12-29 19:02:47.772077+00:00 [info] <0.229.0> Running boot step rabbit_exchange_type_direct defined by app rabbit
2022-12-29 19:02:47.772147+00:00 [info] <0.229.0> Running boot step rabbit_exchange_type_fanout defined by app rabbit
2022-12-29 19:02:47.772227+00:00 [info] <0.229.0> Running boot step rabbit_exchange_type_headers defined by app rabbit
2022-12-29 19:02:47.772297+00:00 [info] <0.229.0> Running boot step rabbit_exchange_type_topic defined by app rabbit
2022-12-29 19:02:47.772407+00:00 [info] <0.229.0> Running boot step rabbit_mirror_queue_mode_all defined by app rabbit
2022-12-29 19:02:47.772443+00:00 [info] <0.229.0> Running boot step rabbit_mirror_queue_mode_exactly defined by app rabbit
2022-12-29 19:02:47.772493+00:00 [info] <0.229.0> Running boot step rabbit_mirror_queue_mode_nodes defined by app rabbit
2022-12-29 19:02:47.772546+00:00 [info] <0.229.0> Running boot step rabbit_priority_queue defined by app rabbit
2022-12-29 19:02:47.772581+00:00 [info] <0.229.0> Priority queues enabled, real BQ is rabbit_variable_queue
2022-12-29 19:02:47.772673+00:00 [info] <0.229.0> Running boot step rabbit_queue_location_client_local defined by app rabbit
2022-12-29 19:02:47.772729+00:00 [info] <0.229.0> Running boot step rabbit_queue_location_min_masters defined by app rabbit
2022-12-29 19:02:47.772769+00:00 [info] <0.229.0> Running boot step rabbit_queue_location_random defined by app rabbit
2022-12-29 19:02:47.772827+00:00 [info] <0.229.0> Running boot step kernel_ready defined by app rabbit
2022-12-29 19:02:47.772849+00:00 [info] <0.229.0> Running boot step rabbit_sysmon_minder defined by app rabbit
2022-12-29 19:02:47.772929+00:00 [info] <0.229.0> Running boot step rabbit_epmd_monitor defined by app rabbit
2022-12-29 19:02:47.773738+00:00 [info] <0.609.0> epmd monitor knows us, inter-node communication (distribution) port: 25672
2022-12-29 19:02:47.773840+00:00 [info] <0.229.0> Running boot step guid_generator defined by app rabbit
2022-12-29 19:02:47.781710+00:00 [info] <0.229.0> Running boot step rabbit_node_monitor defined by app rabbit
2022-12-29 19:02:47.782009+00:00 [info] <0.613.0> Starting rabbit_node_monitor
2022-12-29 19:02:47.782136+00:00 [info] <0.229.0> Running boot step delegate_sup defined by app rabbit
2022-12-29 19:02:47.782531+00:00 [info] <0.229.0> Running boot step rabbit_memory_monitor defined by app rabbit
2022-12-29 19:02:47.782711+00:00 [info] <0.229.0> Running boot step rabbit_fifo_dlx_sup defined by app rabbit
2022-12-29 19:02:47.782827+00:00 [info] <0.229.0> Running boot step core_initialized defined by app rabbit
2022-12-29 19:02:47.782851+00:00 [info] <0.229.0> Running boot step upgrade_queues defined by app rabbit
2022-12-29 19:02:47.791567+00:00 [info] <0.229.0> message_store upgrades: 1 to apply
2022-12-29 19:02:47.791685+00:00 [info] <0.229.0> message_store upgrades: Applying rabbit_variable_queue:move_messages_to_vhost_store
2022-12-29 19:02:47.791795+00:00 [info] <0.229.0> message_store upgrades: No durable queues found. Skipping message store migration
2022-12-29 19:02:47.791862+00:00 [info] <0.229.0> message_store upgrades: Removing the old message store data
2022-12-29 19:02:47.793753+00:00 [info] <0.229.0> message_store upgrades: All upgrades applied successfully
2022-12-29 19:02:47.811612+00:00 [info] <0.229.0> Running boot step channel_tracking defined by app rabbit
2022-12-29 19:02:47.811710+00:00 [info] <0.229.0> Running boot step rabbit_channel_tracking_handler defined by app rabbit
2022-12-29 19:02:47.811777+00:00 [info] <0.229.0> Running boot step connection_tracking defined by app rabbit
2022-12-29 19:02:47.811865+00:00 [info] <0.229.0> Running boot step rabbit_connection_tracking_handler defined by app rabbit
2022-12-29 19:02:47.811919+00:00 [info] <0.229.0> Running boot step rabbit_definitions_hashing defined by app rabbit
2022-12-29 19:02:47.812015+00:00 [info] <0.229.0> Running boot step rabbit_exchange_parameters defined by app rabbit
2022-12-29 19:02:47.812141+00:00 [info] <0.229.0> Running boot step rabbit_mirror_queue_misc defined by app rabbit
2022-12-29 19:02:47.812384+00:00 [info] <0.229.0> Running boot step rabbit_policies defined by app rabbit
2022-12-29 19:02:47.812633+00:00 [info] <0.229.0> Running boot step rabbit_policy defined by app rabbit
2022-12-29 19:02:47.812729+00:00 [info] <0.229.0> Running boot step rabbit_queue_location_validator defined by app rabbit
2022-12-29 19:02:47.812785+00:00 [info] <0.229.0> Running boot step rabbit_quorum_memory_manager defined by app rabbit
2022-12-29 19:02:47.812825+00:00 [info] <0.229.0> Running boot step rabbit_stream_coordinator defined by app rabbit
2022-12-29 19:02:47.813150+00:00 [info] <0.229.0> Running boot step rabbit_vhost_limit defined by app rabbit
2022-12-29 19:02:47.813257+00:00 [info] <0.229.0> Running boot step recovery defined by app rabbit
2022-12-29 19:02:47.814632+00:00 [info] <0.229.0> Running boot step empty_db_check defined by app rabbit
2022-12-29 19:02:47.814728+00:00 [info] <0.229.0> Will seed default virtual host and user...
2022-12-29 19:02:47.814800+00:00 [info] <0.229.0> Adding vhost '/' (description: 'Default virtual host', tags: [])
2022-12-29 19:02:47.819225+00:00 [info] <0.229.0> Applying default limits to vhost '<<"/">>': []
2022-12-29 19:02:47.836627+00:00 [info] <0.650.0> Making sure data directory '/var/lib/rabbitmq/mnesia/rabbit@4efa8d1a6d15/msg_stores/vhosts/628WB79CIFDYO9LJI6DKMI09L' for vhost '/' exists
2022-12-29 19:02:47.846237+00:00 [info] <0.650.0> Setting segment_entry_count for vhost '/' with 0 queues to '2048'
2022-12-29 19:02:47.860273+00:00 [info] <0.650.0> Starting message stores for vhost '/'
2022-12-29 19:02:47.860682+00:00 [info] <0.655.0> Message store "628WB79CIFDYO9LJI6DKMI09L/msg_store_transient": using rabbit_msg_store_ets_index to provide index
2022-12-29 19:02:47.876766+00:00 [info] <0.650.0> Started message store of type transient for vhost '/'
2022-12-29 19:02:47.877106+00:00 [info] <0.659.0> Message store "628WB79CIFDYO9LJI6DKMI09L/msg_store_persistent": using rabbit_msg_store_ets_index to provide index
2022-12-29 19:02:47.881362+00:00 [warning] <0.659.0> Message store "628WB79CIFDYO9LJI6DKMI09L/msg_store_persistent": rebuilding indices from scratch
2022-12-29 19:02:47.886156+00:00 [info] <0.650.0> Started message store of type persistent for vhost '/'
2022-12-29 19:02:47.886384+00:00 [info] <0.650.0> Recovering 0 queues of type rabbit_classic_queue took 35ms
2022-12-29 19:02:47.886420+00:00 [info] <0.650.0> Recovering 0 queues of type rabbit_quorum_queue took 0ms
2022-12-29 19:02:47.886434+00:00 [info] <0.650.0> Recovering 0 queues of type rabbit_stream_queue took 0ms
2022-12-29 19:02:47.890386+00:00 [info] <0.229.0> Created user 'admin'
2022-12-29 19:02:47.892919+00:00 [info] <0.229.0> Successfully set user tags for user 'admin' to [administrator]
2022-12-29 19:02:47.895272+00:00 [info] <0.229.0> Successfully set permissions for 'admin' in virtual host '/' to '.*', '.*', '.*'
2022-12-29 19:02:47.895340+00:00 [info] <0.229.0> Running boot step rabbit_observer_cli defined by app rabbit
2022-12-29 19:02:47.895389+00:00 [info] <0.229.0> Running boot step rabbit_looking_glass defined by app rabbit
2022-12-29 19:02:47.895407+00:00 [info] <0.229.0> Running boot step rabbit_core_metrics_gc defined by app rabbit
2022-12-29 19:02:47.895520+00:00 [info] <0.229.0> Running boot step background_gc defined by app rabbit
2022-12-29 19:02:47.895661+00:00 [info] <0.229.0> Running boot step routing_ready defined by app rabbit
2022-12-29 19:02:47.895707+00:00 [info] <0.229.0> Running boot step pre_flight defined by app rabbit
2022-12-29 19:02:47.895729+00:00 [info] <0.229.0> Running boot step notify_cluster defined by app rabbit
2022-12-29 19:02:47.895744+00:00 [info] <0.229.0> Running boot step networking defined by app rabbit
2022-12-29 19:02:47.895757+00:00 [info] <0.229.0> Running boot step definition_import_worker_pool defined by app rabbit
2022-12-29 19:02:47.895791+00:00 [info] <0.287.0> Starting worker pool 'definition_import_pool' with 8 processes in it
2022-12-29 19:02:47.896332+00:00 [info] <0.229.0> Running boot step cluster_name defined by app rabbit
2022-12-29 19:02:47.896463+00:00 [info] <0.229.0> Initialising internal cluster ID to 'rabbitmq-cluster-id-baE0EG_MvMr04h3IvSa-fw'
2022-12-29 19:02:47.899069+00:00 [info] <0.229.0> Running boot step direct_client defined by app rabbit
2022-12-29 19:02:47.899227+00:00 [info] <0.229.0> Running boot step rabbit_maintenance_mode_state defined by app rabbit
2022-12-29 19:02:47.899260+00:00 [info] <0.229.0> Creating table rabbit_node_maintenance_states for maintenance mode status
2022-12-29 19:02:47.911533+00:00 [info] <0.700.0> Resetting node maintenance status
2022-12-29 19:02:47.911752+00:00 [info] <0.700.0> Ready to start client connection listeners
2022-12-29 19:02:47.913544+00:00 [info] <0.718.0> started TCP listener on [::]:5672
2022-12-29 19:02:47.979916+00:00 [info] <0.700.0> Server startup complete; 0 plugins started.
2022-12-29 19:04:27.460656+00:00 [notice] <0.61.0> SIGTERM received - shutting down
2022-12-29 19:04:27.460656+00:00 [notice] <0.61.0> 
2022-12-29 19:04:27.462290+00:00 [info] <0.229.0> Peer discovery backend rabbit_peer_discovery_classic_config does not support registration, skipping unregistration.
2022-12-29 19:04:27.462433+00:00 [info] <0.718.0> stopped TCP listener on [::]:5672
2022-12-29 19:04:27.463831+00:00 [info] <0.719.0> Closing all connections in vhost '/' on node 'rabbit@4efa8d1a6d15' because the vhost is stopping
2022-12-29 19:04:27.463884+00:00 [info] <0.659.0> Stopping message store for directory '/var/lib/rabbitmq/mnesia/rabbit@4efa8d1a6d15/msg_stores/vhosts/628WB79CIFDYO9LJI6DKMI09L/msg_store_persistent'
2022-12-29 19:04:27.488644+00:00 [info] <0.659.0> Message store for directory '/var/lib/rabbitmq/mnesia/rabbit@4efa8d1a6d15/msg_stores/vhosts/628WB79CIFDYO9LJI6DKMI09L/msg_store_persistent' is stopped
2022-12-29 19:04:27.488870+00:00 [info] <0.655.0> Stopping message store for directory '/var/lib/rabbitmq/mnesia/rabbit@4efa8d1a6d15/msg_stores/vhosts/628WB79CIFDYO9LJI6DKMI09L/msg_store_transient'
2022-12-29 19:04:27.519457+00:00 [info] <0.655.0> Message store for directory '/var/lib/rabbitmq/mnesia/rabbit@4efa8d1a6d15/msg_stores/vhosts/628WB79CIFDYO9LJI6DKMI09L/msg_store_transient' is stopped
